0 0.079668 54.0522 0.694991 -1
1 4.24287 48.1618 1.78796 0
2 5.83709 27.2305 -0.000631657 1
3 6.57621 5.0141 -2.86271 2
4 6.96904 1.61379 3.93785 3
5 7.03138 1.21976 8.1737 4
6 -4.39079 48.2551 1.70224 0
7 -5.92413 27.2513 0.0533468 6
8 -6.50915 5.2425 -2.82241 7
9 -7.0302 1.51889 4.26163 8
10 -7.0387 1.22498 8.15706 9
11 -0.0431679 58.8651 1.6555 0
12 0.0362964 64.0174 0.588453 11
13 -0.0263456 69.9016 -1.97747 12
14 -0.071386 75.683 -2.12646 13
15 0.102244 82.3601 -1.05613 14
16 0.238475 89.0039 0.309331 15
17 7.89266 72.8038 -2.66765 13
18 17.9788 63.0859 -2.18985 17
19 24.5555 57.1803 0.267737 18
20 28.3926 51.7037 2.16829 19
21 29.8096 51.0844 2.24039 20
22 31.0319 50.8986 2.25313 21
23 29.8633 51.5376 4.057 20
24 -8.00595 72.6125 -2.7622 13
25 -18.7266 62.1783 -2.06283 24
26 -24.7512 56.9264 0.504725 25
27 -28.2784 51.7481 2.37971 26
28 -29.6014 51.2966 2.36681 27
29 -30.4872 51.2347 2.42399 28
30 -29.8211 51.5068 4.22191 27
